<?xml version="1.0" encoding="UTF-8"?>
<!-- Generated by org.testng.reporters.JUnitReportReporter -->
<testsuite hostname="LAPTOP-OST1RGO9" failures="0" tests="1" name="com.google.TestVerifysearchText" time="8.345" errors="0" timestamp="2021-05-20T14:31:54 IST" skipped="0">
  <testcase classname="com.google.TestVerifysearchText" name="VerifySearchValidText" time="8.345"/>
  <system-out/>
</testsuite> <!-- com.google.TestVerifysearchText -->
